<?xml version="1.0" encoding="UTF-8"?>
<!-- Generated by org.testng.reporters.JUnitReportReporter -->
<testsuite hostname="dhananjaysingh" failures="0" tests="2" name="Test_Get" time="2.888" errors="0" timestamp="23 Feb 2022 04:09:31 GMT" skipped="0">
  <testcase classname="Test_Get" name="test_02" time="1.404"/>
  <testcase classname="Test_Get" name="test_01" time="1.484"/>
</testsuite> <!-- Test_Get -->
